Build started 4/19/2013 10:39:41 PM.
     1>Project "E:\PBA2\final\fluidsim\fluidsim\fluidsim\fluidsim.vcxproj" on node 2 (build target(s)).
     1>InitializeBuildStatus:
         Creating "Release\fluidsim.unsuccessfulbuild" because "AlwaysCreate" was specified.
       ClCompile:
         c:\Program Files (x86)\Microsoft Visual Studio 10.0\VC\bin\CL.exe /c /I../glm /I../glew/include /I../glfw/include /Zi /nologo /W3 /WX- /O2 /Oi /Oy- /GL /D WIN32 /D NDEBUG /D _CONSOLE /D _UNICODE /D UNICODE /Gm- /EHsc /MD /GS /Gy /fp:precise /Zc:wchar_t /Zc:forScope /Fo"Release\\" /Fd"Release\vc100.pdb" /Gd /TP /analyze- /errorReport:prompt Source\main.cpp
         main.cpp
     1>e:\pba2\final\fluidsim\fluidsim\glm\./core/func_common.hpp : warning C4819: The file contains a character that cannot be represented in the current code page (936). Save the file in Unicode format to prevent data loss
     1>e:\pba2\final\fluidsim\fluidsim\glm\core\func_common.inl : warning C4819: The file contains a character that cannot be represented in the current code page (936). Save the file in Unicode format to prevent data loss
     1>e:\pba2\final\fluidsim\fluidsim\glm\./core/func_integer.hpp : warning C4819: The file contains a character that cannot be represented in the current code page (936). Save the file in Unicode format to prevent data loss
     1>Source\main.cpp(352): warning C4996: 'sprintf': This function or variable may be unsafe. Consider using sprintf_s instead. To disable deprecation, use _CRT_SECURE_NO_WARNINGS. See online help for details.
                 c:\Program Files (x86)\Microsoft Visual Studio 10.0\VC\include\stdio.h(371) : see declaration of 'sprintf'
     1>Source\main.cpp(373): warning C4996: 'fopen': This function or variable may be unsafe. Consider using fopen_s instead. To disable deprecation, use _CRT_SECURE_NO_WARNINGS. See online help for details.
                 c:\Program Files (x86)\Microsoft Visual Studio 10.0\VC\include\stdio.h(234) : see declaration of 'fopen'
         All outputs are up-to-date.
       Link:
         c:\Program Files (x86)\Microsoft Visual Studio 10.0\VC\bin\link.exe /ERRORREPORT:PROMPT /OUT:"E:\PBA2\final\fluidsim\fluidsim\Release\fluidsim.exe" /INCREMENTAL:NO /NOLOGO /LIBPATH:../glew/lib /LIBPATH:../glfw/lib kernel32.lib user32.lib gdi32.lib winspool.lib comdlg32.lib advapi32.lib shell32.lib ole32.lib oleaut32.lib uuid.lib odbc32.lib odbccp32.lib glew32.lib glu32.lib opengl32.lib glfw.lib glfwdll.lib kernel32.lib user32.lib gdi32.lib winspool.lib comdlg32.lib advapi32.lib shell32.lib ole32.lib oleaut32.lib uuid.lib odbc32.lib odbccp32.lib /MANIFEST /ManifestFile:"Release\fluidsim.exe.intermediate.manifest" /MANIFESTUAC:"level='asInvoker' uiAccess='false'" /DEBUG /PDB:"E:\PBA2\final\fluidsim\fluidsim\Release\fluidsim.pdb" /SUBSYSTEM:CONSOLE /OPT:REF /OPT:ICF /LTCG /TLBID:1 /DYNAMICBASE /NXCOMPAT /IMPLIB:"E:\PBA2\final\fluidsim\fluidsim\Release\fluidsim.lib" /MACHINE:X86 Release\main.obj
         Release\Mesh.obj
         Release\particleSystem.obj
         Release\stb_image.obj
         Release\stb_image_write.obj
         Generating code
         Finished generating code
         fluidsim.vcxproj -> E:\PBA2\final\fluidsim\fluidsim\Release\fluidsim.exe
       Manifest:
         c:\Program Files (x86)\Microsoft SDKs\Windows\v7.0A\bin\mt.exe /nologo /verbose /outputresource:"E:\PBA2\final\fluidsim\fluidsim\Release\fluidsim.exe;#1" /manifest Release\fluidsim.exe.intermediate.manifest
       FinalizeBuildStatus:
         Deleting file "Release\fluidsim.unsuccessfulbuild".
         Touching "Release\fluidsim.lastbuildstate".
     1>Done Building Project "E:\PBA2\final\fluidsim\fluidsim\fluidsim\fluidsim.vcxproj" (build target(s)).

Build succeeded.

Time Elapsed 00:00:02.21
