Build started 4/17/2013 6:09:37 PM.
     1>Project "C:\Users\adair\Documents\GitHub\fluidsim\fluidsim\fluidsim\fluidsim.vcxproj" on node 2 (build target(s)).
     1>InitializeBuildStatus:
         Touching "Debug\fluidsim.unsuccessfulbuild".
       ClCompile:
         C:\Program Files (x86)\Microsoft Visual Studio 10.0\VC\bin\CL.exe /c /I../glm /I../glew/include /I../glfw/include /ZI /nologo /W3 /WX- /Od /Oy- /D WIN32 /D _DEBUG /D _CONSOLE /D _UNICODE /D UNICODE /Gm /EHsc /RTC1 /MDd /GS /fp:precise /Zc:wchar_t /Zc:forScope /Fo"Debug\\" /Fd"Debug\vc100.pdb" /Gd /TP /analyze- /errorReport:prompt Source\particleSystem.cpp
         particleSystem.cpp
     1>c:\users\adair\documents\github\fluidsim\fluidsim\glm\core\func_common.hpp : warning C4819: The file contains a character that cannot be represented in the current code page (936). Save the file in Unicode format to prevent data loss
     1>c:\users\adair\documents\github\fluidsim\fluidsim\glm\core\func_common.inl : warning C4819: The file contains a character that cannot be represented in the current code page (936). Save the file in Unicode format to prevent data loss
     1>c:\users\adair\documents\github\fluidsim\fluidsim\glm\core\func_integer.hpp : warning C4819: The file contains a character that cannot be represented in the current code page (936). Save the file in Unicode format to prevent data loss
     1>c:\users\adair\documents\github\fluidsim\fluidsim\fluidsim\source\particlesystem.cpp(64): warning C4244: 'initializing' : conversion from 'float' to 'int', possible loss of data
     1>c:\users\adair\documents\github\fluidsim\fluidsim\fluidsim\source\particlesystem.cpp(65): warning C4244: 'initializing' : conversion from 'float' to 'int', possible loss of data
     1>c:\users\adair\documents\github\fluidsim\fluidsim\fluidsim\source\particlesystem.cpp(66): warning C4244: 'initializing' : conversion from 'float' to 'int', possible loss of data
     1>c:\users\adair\documents\github\fluidsim\fluidsim\fluidsim\source\particlesystem.cpp(130): warning C4244: 'initializing' : conversion from 'double' to 'float', possible loss of data
     1>c:\users\adair\documents\github\fluidsim\fluidsim\fluidsim\source\particlesystem.cpp(131): warning C4244: 'initializing' : conversion from 'double' to 'float', possible loss of data
     1>c:\users\adair\documents\github\fluidsim\fluidsim\fluidsim\source\particlesystem.cpp(302): warning C4018: '<' : signed/unsigned mismatch
     1>c:\users\adair\documents\github\fluidsim\fluidsim\fluidsim\source\particlesystem.cpp(317): warning C4018: '<' : signed/unsigned mismatch
     1>c:\users\adair\documents\github\fluidsim\fluidsim\fluidsim\source\particlesystem.cpp(328): warning C4018: '<' : signed/unsigned mismatch
     1>c:\users\adair\documents\github\fluidsim\fluidsim\fluidsim\source\particlesystem.cpp(345): warning C4018: '<' : signed/unsigned mismatch
     1>c:\users\adair\documents\github\fluidsim\fluidsim\fluidsim\source\particlesystem.cpp(394): warning C4244: 'initializing' : conversion from 'double' to 'float', possible loss of data
     1>c:\users\adair\documents\github\fluidsim\fluidsim\fluidsim\source\particlesystem.cpp(404): warning C4244: 'initializing' : conversion from 'double' to 'float', possible loss of data
     1>c:\users\adair\documents\github\fluidsim\fluidsim\fluidsim\source\particlesystem.cpp(416): warning C4244: 'return' : conversion from 'double' to 'float', possible loss of data
     1>c:\users\adair\documents\github\fluidsim\fluidsim\fluidsim\source\particlesystem.cpp(425): warning C4244: 'return' : conversion from 'double' to 'float', possible loss of data
     1>c:\users\adair\documents\github\fluidsim\fluidsim\fluidsim\source\particlesystem.cpp(434): warning C4244: 'initializing' : conversion from 'double' to 'float', possible loss of data
     1>c:\users\adair\documents\github\fluidsim\fluidsim\fluidsim\source\particlesystem.cpp(444): warning C4244: 'return' : conversion from 'double' to 'float', possible loss of data
     1>c:\users\adair\documents\github\fluidsim\fluidsim\fluidsim\source\particlesystem.cpp(451): warning C4244: 'return' : conversion from 'double' to 'float', possible loss of data
     1>c:\users\adair\documents\github\fluidsim\fluidsim\fluidsim\source\particlesystem.cpp(471): warning C4018: '<' : signed/unsigned mismatch
     1>c:\users\adair\documents\github\fluidsim\fluidsim\fluidsim\source\particlesystem.cpp(503): warning C4018: '<' : signed/unsigned mismatch
     1>c:\users\adair\documents\github\fluidsim\fluidsim\fluidsim\source\particlesystem.cpp(520): warning C4018: '<' : signed/unsigned mismatch
     1>c:\users\adair\documents\github\fluidsim\fluidsim\fluidsim\source\particlesystem.cpp(522): warning C4018: '<' : signed/unsigned mismatch
     1>c:\users\adair\documents\github\fluidsim\fluidsim\fluidsim\source\particlesystem.cpp(567): warning C4018: '<' : signed/unsigned mismatch
     1>c:\users\adair\documents\github\fluidsim\fluidsim\fluidsim\source\particlesystem.cpp(638): warning C4018: '<' : signed/unsigned mismatch
     1>c:\users\adair\documents\github\fluidsim\fluidsim\fluidsim\source\particlesystem.cpp(779): warning C4018: '<' : signed/unsigned mismatch
     1>c:\users\adair\documents\github\fluidsim\fluidsim\fluidsim\source\particlesystem.cpp(770): warning C4101: 'pgSize' : unreferenced local variable
     1>c:\users\adair\documents\github\fluidsim\fluidsim\fluidsim\source\particlesystem.cpp(800): warning C4244: 'return' : conversion from 'float' to 'int', possible loss of data
         All outputs are up-to-date.
       ManifestResourceCompile:
         All outputs are up-to-date.
       Link:
         C:\Program Files (x86)\Microsoft Visual Studio 10.0\VC\bin\link.exe /ERRORREPORT:PROMPT /OUT:"C:\Users\adair\Documents\GitHub\fluidsim\fluidsim\Debug\fluidsim.exe" /INCREMENTAL /NOLOGO /LIBPATH:../glew/lib /LIBPATH:../glfw/lib glew32.lib glu32.lib opengl32.lib glfw.lib glfwdll.lib kernel32.lib user32.lib gdi32.lib winspool.lib comdlg32.lib advapi32.lib shell32.lib ole32.lib oleaut32.lib uuid.lib odbc32.lib odbccp32.lib /MANIFEST /ManifestFile:"Debug\fluidsim.exe.intermediate.manifest" /MANIFESTUAC:"level='asInvoker' uiAccess='false'" /DEBUG /PDB:"C:\Users\adair\Documents\GitHub\fluidsim\fluidsim\Debug\fluidsim.pdb" /SUBSYSTEM:CONSOLE /TLBID:1 /DYNAMICBASE /NXCOMPAT /IMPLIB:"C:\Users\adair\Documents\GitHub\fluidsim\fluidsim\Debug\fluidsim.lib" /MACHINE:X86 Debug\fluidsim.exe.embed.manifest.res
         Debug\main.obj
         Debug\OBJLoader.obj
         Debug\particleSystem.obj
         Debug\stb_image.obj
         Debug\stb_image_write.obj
     1>LINK : warning LNK4098: defaultlib 'MSVCRT' conflicts with use of other libs; use /NODEFAULTLIB:library
       Manifest:
         C:\Program Files (x86)\Microsoft SDKs\Windows\v7.0A\bin\mt.exe /nologo /verbose /out:"Debug\fluidsim.exe.embed.manifest" /manifest Debug\fluidsim.exe.intermediate.manifest
         All outputs are up-to-date.
       LinkEmbedManifest:
         All outputs are up-to-date.
         fluidsim.vcxproj -> C:\Users\adair\Documents\GitHub\fluidsim\fluidsim\Debug\fluidsim.exe
       FinalizeBuildStatus:
         Deleting file "Debug\fluidsim.unsuccessfulbuild".
         Touching "Debug\fluidsim.lastbuildstate".
     1>Done Building Project "C:\Users\adair\Documents\GitHub\fluidsim\fluidsim\fluidsim\fluidsim.vcxproj" (build target(s)).

Build succeeded.

Time Elapsed 00:00:03.75
