C:\USERS\ADAIR\DOCUMENTS\GITHUB\FLUIDSIM\FLUIDSIM\DEBUG\FLUIDSIM.EXE
C:\USERS\ADAIR\DOCUMENTS\GITHUB\FLUIDSIM\FLUIDSIM\DEBUG\FLUIDSIM.ILK
C:\USERS\ADAIR\DOCUMENTS\GITHUB\FLUIDSIM\FLUIDSIM\DEBUG\FLUIDSIM.PDB
C:\Users\adair\Documents\GitHub\fluidsim\fluidsim\fluidsim\Debug\cl.command.1.tlog
C:\Users\adair\Documents\GitHub\fluidsim\fluidsim\fluidsim\Debug\CL.read.1.tlog
C:\Users\adair\Documents\GitHub\fluidsim\fluidsim\fluidsim\Debug\CL.write.1.tlog
C:\USERS\ADAIR\DOCUMENTS\GITHUB\FLUIDSIM\FLUIDSIM\FLUIDSIM\DEBUG\FLUIDSIM.EXE.EMBED.MANIFEST
C:\USERS\ADAIR\DOCUMENTS\GITHUB\FLUIDSIM\FLUIDSIM\FLUIDSIM\DEBUG\FLUIDSIM.EXE.EMBED.MANIFEST.RES
C:\USERS\ADAIR\DOCUMENTS\GITHUB\FLUIDSIM\FLUIDSIM\FLUIDSIM\DEBUG\FLUIDSIM.EXE.INTERMEDIATE.MANIFEST
C:\Users\adair\Documents\GitHub\fluidsim\fluidsim\fluidsim\Debug\fluidsim.vcxprojResolveAssemblyReference.cache
C:\Users\adair\Documents\GitHub\fluidsim\fluidsim\fluidsim\Debug\fluidsim.write.1.tlog
C:\Users\adair\Documents\GitHub\fluidsim\fluidsim\fluidsim\Debug\fluidsim_manifest.rc
C:\Users\adair\Documents\GitHub\fluidsim\fluidsim\fluidsim\Debug\link.5964.read.1.tlog
C:\Users\adair\Documents\GitHub\fluidsim\fluidsim\fluidsim\Debug\link.5964.write.1.tlog
C:\Users\adair\Documents\GitHub\fluidsim\fluidsim\fluidsim\Debug\link.5964-cvtres.read.1.tlog
C:\Users\adair\Documents\GitHub\fluidsim\fluidsim\fluidsim\Debug\link.5964-cvtres.write.1.tlog
C:\Users\adair\Documents\GitHub\fluidsim\fluidsim\fluidsim\Debug\link.command.1.tlog
C:\Users\adair\Documents\GitHub\fluidsim\fluidsim\fluidsim\Debug\link.read.1.tlog
C:\Users\adair\Documents\GitHub\fluidsim\fluidsim\fluidsim\Debug\link.write.1.tlog
C:\Users\adair\Documents\GitHub\fluidsim\fluidsim\fluidsim\Debug\link-cvtres.read.1.tlog
C:\Users\adair\Documents\GitHub\fluidsim\fluidsim\fluidsim\Debug\link-cvtres.write.1.tlog
C:\USERS\ADAIR\DOCUMENTS\GITHUB\FLUIDSIM\FLUIDSIM\FLUIDSIM\DEBUG\MAIN.OBJ
C:\Users\adair\Documents\GitHub\fluidsim\fluidsim\fluidsim\Debug\mt.command.1.tlog
C:\Users\adair\Documents\GitHub\fluidsim\fluidsim\fluidsim\Debug\mt.read.1.tlog
C:\Users\adair\Documents\GitHub\fluidsim\fluidsim\fluidsim\Debug\mt.write.1.tlog
C:\USERS\ADAIR\DOCUMENTS\GITHUB\FLUIDSIM\FLUIDSIM\FLUIDSIM\DEBUG\PARTICLESYSTEM.OBJ
C:\Users\adair\Documents\GitHub\fluidsim\fluidsim\fluidsim\Debug\rc.command.1.tlog
C:\Users\adair\Documents\GitHub\fluidsim\fluidsim\fluidsim\Debug\rc.read.1.tlog
C:\Users\adair\Documents\GitHub\fluidsim\fluidsim\fluidsim\Debug\rc.write.1.tlog
C:\Users\adair\Documents\GitHub\fluidsim\fluidsim\fluidsim\Debug\vc100.idb
C:\USERS\ADAIR\DOCUMENTS\GITHUB\FLUIDSIM\FLUIDSIM\FLUIDSIM\DEBUG\VC100.PDB
